<?xml version="1.0" encoding="UTF-8"?>
<testsuite xmlns:xsi="http://www.w3.org/2001/XMLSchema-instance" xsi:schemaLocation="https://maven.apache.org/surefire/maven-surefire-plugin/xsd/surefire-test-report.xsd" name="testRunner.TestRunner" time="66.334" tests="42" errors="0" skipped="0" failures="0">
  <properties>
    <property name="PROCESSOR_ARCHITECTURE" value="AMD64"/>
    <property name="file.encoding.pkg" value="sun.io"/>
    <property name="LOGONSERVER" value="\\LAPTOP-1901DLOF"/>
    <property name="ProgramData" value="C:\ProgramData"/>
    <property name="java.home" value="C:\Program Files\Java\jdk1.8.0_301\jre"/>
    <property name="NODE_NAME" value="built-in"/>
    <property name="JENKINS_URL" value="http://localhost:8080/"/>
    <property name="ALLUSERSPROFILE" value="C:\ProgramData"/>
    <property name="java.endorsed.dirs" value="C:\Program Files\Java\jdk1.8.0_301\jre\lib\endorsed"/>
    <property name="PSModulePath" value="C:\Program Files (x86)\WindowsPowerShell\Modules;C:\windows\system32\WindowsPowerShell\v1.0\Modules"/>
    <property name="=::" value="::\"/>
    <property name="USERDOMAIN" value="LAPTOP-1901DLOF"/>
    <property name="sun.os.patch.level" value=""/>
    <property name="java.vendor.url" value="http://java.oracle.com/"/>
    <property name="CommonProgramFiles(x86)" value="C:\Program Files (x86)\Common Files"/>
    <property name="java.version" value="1.8.0_301"/>
    <property name="JOB_NAME" value="Myproject"/>
    <property name="COMPUTERNAME" value="LAPTOP-1901DLOF"/>
    <property name="PyCharm" value="C:\Users\beaut\AppData\Local\JetBrains\PyCharm 2021.3\bin;"/>
    <property name="java.vendor.url.bug" value="http://bugreport.sun.com/bugreport/"/>
    <property name="PUBLIC" value="C:\Users\Public"/>
    <property name="user.name" value="beaut"/>
    <property name="sun.io.unicode.encoding" value="UnicodeLittle"/>
    <property name="sun.jnu.encoding" value="Cp1252"/>
    <property name="java.runtime.name" value="Java(TM) SE Runtime Environment"/>
    <property name="windir" value="C:\windows"/>
    <property name="PROCESSOR_IDENTIFIER" value="Intel64 Family 6 Model 165 Stepping 2, GenuineIntel"/>
    <property name="IntelliJ IDEA Community Edition" value="D:\IntelliJ IDEA Community Edition 2022.1.2\bin;"/>
    <property name="java.specification.name" value="Java Platform API Specification"/>
    <property name="LOCALAPPDATA" value="C:\Users\beaut\AppData\Local"/>
    <property name="RUN_CHANGES_DISPLAY_URL" value="http://localhost:8080/job/Myproject/9/display/redirect?page=changes"/>
    <property name="user.timezone" value="Europe/Paris"/>
    <property name="user.script" value=""/>
    <property name="path.separator" value=";"/>
    <property name="NUMBER_OF_PROCESSORS" value="8"/>
    <property name="BUILD_TAG" value="jenkins-Myproject-9"/>
    <property name="file.encoding" value="Cp1252"/>
    <property name="sun.java.command" value="jenkins.maven3.agent.Maven35Main C:\Users\beaut\Desktop\proservices\apache-maven-3.8.5 C:\Users\beaut\.jenkins\war\WEB-INF\lib\remoting-4.11.2.jar C:\Users\beaut\.jenkins\plugins\maven-plugin\WEB-INF\lib\maven35-interceptor-1.13.jar C:\Users\beaut\.jenkins\plugins\maven-plugin\WEB-INF\lib\maven3-interceptor-commons-1.13.jar 58034"/>
    <property name="HUDSON_URL" value="http://localhost:8080/"/>
    <property name="JENKINS_SERVER_COOKIE" value="1d6f30f60258c23e"/>
    <property name="EXECUTOR_NUMBER" value="1"/>
    <property name="Path" value="C:\Program Files\Java\jdk1.8.0_301/bin;C:\Program Files (x86)\Common Files\Oracle\Java\javapath;C:\windows\system32;C:\windows;C:\windows\System32\Wbem;C:\windows\System32\WindowsPowerShell\v1.0\;C:\windows\System32\OpenSSH\;C:\Program Files (x86)\NVIDIA Corporation\PhysX\Common;C:\Program Files\NVIDIA Corporation\NVIDIA NvDLISR;C:\Program Files\Git\cmd;\usr\local\bin;C:\sqlite3;C:\ProgramData\Microsoft\Windows\Start Menu\Programs\OpenSSL;C:\Program Files\Java\jdk-17;&quot;C:\Program Files;C:\Winnt;C:\Winnt\System32&quot;;C:\Program Files\Java\jdk1.8.0_301\bin;C:\Users\beaut\Desktop\dossier_auto\apache-maven-3.8.5\bin;C:\Python\Python39\Scripts\;C:\Python\Python39\;C:\Users\beaut\AppData\Local\Microsoft\WindowsApps;C:\xampp\mysql\bin;C:\Program Files\JetBrains\PyCharm Community Edition 2021.2.2\bin;\usr\local\bin;;C:\Users\beaut\AppData\Local\JetBrains\PyCharm 2021.3\bin;;C:\Program Files\JetBrains\PyCharm Community Edition 2021.3\bin;;C:\Program Files\heroku\bin;D:\IntelliJ IDEA Community Edition 2022.1.2\bin;"/>
    <property name="java.io.tmpdir" value="C:\Users\beaut\AppData\Local\Temp\"/>
    <property name="APPDATA" value="C:\Users\beaut\AppData\Roaming"/>
    <property name="user.language" value="fr"/>
    <property name="line.separator" value="&#10;"/>
    <property name="BUILD_URL" value="http://localhost:8080/job/Myproject/9/"/>
    <property name="M2_HOME" value="C:\Users\beaut\Desktop\proservices\apache-maven-3.8.5"/>
    <property name="=C:" value="C:\Users\beaut\Desktop\proservices"/>
    <property name="ZES_ENABLE_SYSMAN" value="1"/>
    <property name="java.vm.info" value="mixed mode"/>
    <property name="DriverData" value="C:\Windows\System32\Drivers\DriverData"/>
    <property name="sun.desktop" value="windows"/>
    <property name="java.vm.specification.name" value="Java Virtual Machine Specification"/>
    <property name="CI" value="true"/>
    <property name="BUILD_DISPLAY_NAME" value="#9"/>
    <property name="OS" value="Windows_NT"/>
    <property name="guice.disable.misplaced.annotation.check" value="true"/>
    <property name="HUDSON_SERVER_COOKIE" value="1d6f30f60258c23e"/>
    <property name="WORKSPACE_TMP" value="C:\Users\beaut\.jenkins\workspace\Myproject@tmp"/>
    <property name="MAVEN_HOME" value="C:\Users\beaut\Desktop\proservices\apache-maven-3.8.5"/>
    <property name="SESSIONNAME" value="Console"/>
    <property name="PATHEXT" value=".COM;.EXE;.BAT;.CMD;.VBS;.VBE;.JS;.JSE;.WSF;.WSH;.MSC"/>
    <property name="java.awt.printerjob" value="sun.awt.windows.WPrinterJob"/>
    <property name="maven3.interceptor.common" value="C:\Users\beaut\.jenkins\plugins\maven-plugin\WEB-INF\lib\maven3-interceptor-commons-1.13.jar"/>
    <property name="CLASSPATH" value=""/>
    <property name="user.country.format" value="TN"/>
    <property name="jansi.mode" value="strip"/>
    <property name="PyCharm Community Edition" value="C:\Program Files\JetBrains\PyCharm Community Edition 2021.3\bin;"/>
    <property name="HOMEPATH" value="\Users\beaut"/>
    <property name="os.name" value="Windows 10"/>
    <property name="java.specification.vendor" value="Oracle Corporation"/>
    <property name="java.vm.name" value="Java HotSpot(TM) 64-Bit Server VM"/>
    <property name="BUILD_NUMBER" value="9"/>
    <property name="maven3.interceptor" value="C:\Users\beaut\.jenkins\plugins\maven-plugin\WEB-INF\lib\maven35-interceptor-1.13.jar"/>
    <property name="java.library.path" value="C:\Program Files\Java\jdk1.8.0_301\bin;C:\windows\Sun\Java\bin;C:\windows\system32;C:\windows;C:\Users\beaut\Desktop\proservices\apache-maven-3.8.5/bin;C:\Program Files\Java\jdk1.8.0_301/bin;C:\Program Files\Java\jdk1.8.0_301/bin;C:\Program Files (x86)\Common Files\Oracle\Java\javapath;C:\windows\system32;C:\windows;C:\windows\System32\Wbem;C:\windows\System32\WindowsPowerShell\v1.0\;C:\windows\System32\OpenSSH\;C:\Program Files (x86)\NVIDIA Corporation\PhysX\Common;C:\Program Files\NVIDIA Corporation\NVIDIA NvDLISR;C:\Program Files\Git\cmd;\usr\local\bin;C:\sqlite3;C:\ProgramData\Microsoft\Windows\Start Menu\Programs\OpenSSL;C:\Program Files\Java\jdk-17;&quot;C:\Program Files;C:\Winnt;C:\Winnt\System32&quot;;C:\Program Files\Java\jdk1.8.0_301\bin;C:\Users\beaut\Desktop\dossier_auto\apache-maven-3.8.5\bin;C:\Python\Python39\Scripts\;C:\Python\Python39\;C:\Users\beaut\AppData\Local\Microsoft\WindowsApps;C:\xampp\mysql\bin;C:\Program Files\JetBrains\PyCharm Community Edition 2021.2.2\bin;\usr\local\bin;;C:\Users\beaut\AppData\Local\JetBrains\PyCharm 2021.3\bin;;C:\Program Files\JetBrains\PyCharm Community Edition 2021.3\bin;;C:\Program Files\heroku\bin;D:\IntelliJ IDEA Community Edition 2022.1.2\bin;;."/>
    <property name="HOMEDRIVE" value="C:"/>
    <property name="POM_GROUPID" value="Proservices"/>
    <property name="POM_ARTIFACTID" value="Proservices"/>
    <property name="java.class.version" value="52.0"/>
    <property name="JOB_URL" value="http://localhost:8080/job/Myproject/"/>
    <property name="platformcode" value="KV"/>
    <property name="OneDrive" value="C:\Users\beaut\OneDrive"/>
    <property name="RUN_DISPLAY_URL" value="http://localhost:8080/job/Myproject/9/display/redirect"/>
    <property name="JENKINS_HOME" value="C:\Users\beaut\.jenkins"/>
    <property name="BUILD_ID" value="9"/>
    <property name="TEMP" value="C:\Users\beaut\AppData\Local\Temp"/>
    <property name="sun.boot.library.path" value="C:\Program Files\Java\jdk1.8.0_301\jre\bin"/>
    <property name="sun.management.compiler" value="HotSpot 64-Bit Tiered Compilers"/>
    <property name="java.awt.graphicsenv" value="sun.awt.Win32GraphicsEnvironment"/>
    <property name="user.variant" value=""/>
    <property name="PROCESSOR_REVISION" value="a502"/>
    <property name="POM_VERSION" value="0.0.1-SNAPSHOT"/>
    <property name="HUDSON_HOME" value="C:\Users\beaut\.jenkins"/>
    <property name="ProgramFiles(x86)" value="C:\Program Files (x86)"/>
    <property name="PATH+MAVEN" value="C:\Users\beaut\Desktop\proservices\apache-maven-3.8.5/bin"/>
    <property name="USERDOMAIN_ROAMINGPROFILE" value="LAPTOP-1901DLOF"/>
    <property name="RUN_ARTIFACTS_DISPLAY_URL" value="http://localhost:8080/job/Myproject/9/display/redirect?page=artifacts"/>
    <property name="PROMPT" value="$P$G"/>
    <property name="java.vm.specification.version" value="1.8"/>
    <property name="JAVA_HOME" value="C:\Program Files\Java\jdk1.8.0_301"/>
    <property name="awt.toolkit" value="sun.awt.windows.WToolkit"/>
    <property name="NODE_LABELS" value="built-in"/>
    <property name="sun.cpu.isalist" value="amd64"/>
    <property name="USERPROFILE" value="C:\Users\beaut"/>
    <property name="JOB_DISPLAY_URL" value="http://localhost:8080/job/Myproject/display/redirect"/>
    <property name="java.ext.dirs" value="C:\Program Files\Java\jdk1.8.0_301\jre\lib\ext;C:\windows\Sun\Java\lib\ext"/>
    <property name="os.version" value="10.0"/>
    <property name="user.home" value="C:\Users\beaut"/>
    <property name="USERNAME" value="beaut"/>
    <property name="java.vm.vendor" value="Oracle Corporation"/>
    <property name="PROCESSOR_LEVEL" value="6"/>
    <property name="CommonProgramW6432" value="C:\Program Files\Common Files"/>
    <property name="user.dir" value="C:\Users\beaut\Downloads\Proservices-20220711T192147Z-001\Proservices"/>
    <property name="maven.conf" value="C:\Users\beaut\Desktop\proservices\apache-maven-3.8.5\conf"/>
    <property name="ProgramW6432" value="C:\Program Files"/>
    <property name="TMP" value="C:\Users\beaut\AppData\Local\Temp"/>
    <property name="sun.cpu.endian" value="little"/>
    <property name="SystemDrive" value="C:"/>
    <property name="java.vm.version" value="25.301-b09"/>
    <property name="java.class.path" value="C:\Users\beaut\.jenkins\plugins\maven-plugin\WEB-INF\lib\maven35-agent-1.13.jar;C:\Users\beaut\Desktop\proservices\apache-maven-3.8.5\boot\plexus-classworlds-2.6.0.jar;C:\Users\beaut\Desktop\proservices\apache-maven-3.8.5/conf/logging"/>
    <property name="org.slf4j.simpleLogger.defaultLogLevel" value="info"/>
    <property name="os.arch" value="amd64"/>
    <property name="RegionCode" value="EMEA"/>
    <property name="OneDriveConsumer" value="C:\Users\beaut\OneDrive"/>
    <property name="WORKSPACE" value="C:\Users\beaut\.jenkins\workspace\Myproject"/>
    <property name="ComSpec" value="C:\windows\system32\cmd.exe"/>
    <property name="RUN_TESTS_DISPLAY_URL" value="http://localhost:8080/job/Myproject/9/display/redirect?page=tests"/>
    <property name="sun.java.launcher" value="SUN_STANDARD"/>
    <property name="FPS_BROWSER_APP_PROFILE_STRING" value="Internet Explorer"/>
    <property name="SystemRoot" value="C:\windows"/>
    <property name="CommonProgramFiles" value="C:\Program Files\Common Files"/>
    <property name="java.vm.specification.vendor" value="Oracle Corporation"/>
    <property name="FPS_BROWSER_USER_PROFILE_STRING" value="Default"/>
    <property name="file.separator" value="\"/>
    <property name="java.runtime.version" value="1.8.0_301-b09"/>
    <property name="ProgramFiles" value="C:\Program Files"/>
    <property name="sun.boot.class.path" value="C:\Program Files\Java\jdk1.8.0_301\jre\lib\resources.jar;C:\Program Files\Java\jdk1.8.0_301\jre\lib\rt.jar;C:\Program Files\Java\jdk1.8.0_301\jre\lib\sunrsasign.jar;C:\Program Files\Java\jdk1.8.0_301\jre\lib\jsse.jar;C:\Program Files\Java\jdk1.8.0_301\jre\lib\jce.jar;C:\Program Files\Java\jdk1.8.0_301\jre\lib\charsets.jar;C:\Program Files\Java\jdk1.8.0_301\jre\lib\jfr.jar;C:\Program Files\Java\jdk1.8.0_301\jre\classes"/>
    <property name="OnlineServices" value="Online Services"/>
    <property name="PATH+JDK" value="C:\Program Files\Java\jdk1.8.0_301/bin"/>
    <property name="user.country" value="FR"/>
    <property name="POM_PACKAGING" value="jar"/>
    <property name="maven.home" value="C:\Users\beaut\Desktop\proservices\apache-maven-3.8.5"/>
    <property name="JOB_BASE_NAME" value="Myproject"/>
    <property name="java.vendor" value="Oracle Corporation"/>
    <property name="POM_DISPLAYNAME" value="seleniumTest"/>
    <property name="java.specification.version" value="1.8"/>
    <property name="sun.arch.data.model" value="64"/>
  </properties>
  <testcase name="Given authenticate" classname="Scenario: Access to Review quiz and use next button" time="0.004"/>
  <testcase name="And Access the profile" classname="Scenario: Access to Review quiz and use next button" time="0"/>
  <testcase name="When Click on the quiz link" classname="Scenario: Access to Review quiz and use next button" time="0"/>
  <testcase name="And Quiz description  is displayed" classname="Scenario: Access to Review quiz and use next button" time="0"/>
  <testcase name="And Access quiz details" classname="Scenario: Access to Review quiz and use next button" time="0"/>
  <testcase name="And click on review quiz button" classname="Scenario: Access to Review quiz and use next button" time="0"/>
  <testcase name="Then First question should be displayed" classname="Scenario: Access to Review quiz and use next button" time="0"/>
  <testcase name="When Click on the next button" classname="Scenario: Access to Review quiz and use next button" time="0.001"/>
  <testcase name="When Click on the next button" classname="Scenario: Access to Review quiz and use next button" time="0"/>
  <testcase name="When Click on the next button" classname="Scenario: Access to Review quiz and use next button" time="0"/>
  <testcase name="When Click on the next button" classname="Scenario: Access to Review quiz and use next button" time="0"/>
  <testcase name="When Click on the next button" classname="Scenario: Access to Review quiz and use next button" time="0"/>
  <testcase name="When Click on the next button" classname="Scenario: Access to Review quiz and use next button" time="0"/>
  <testcase name="When Click on the next button" classname="Scenario: Access to Review quiz and use next button" time="0"/>
  <testcase name="When Click on the next button" classname="Scenario: Access to Review quiz and use next button" time="0"/>
  <testcase name="When Click on the next button" classname="Scenario: Access to Review quiz and use next button" time="0"/>
  <testcase name="When Click on the next button" classname="Scenario: Access to Review quiz and use next button" time="0"/>
  <testcase name="When Click on the next button" classname="Scenario: Access to Review quiz and use next button" time="0"/>
  <testcase name="When Click on the next button" classname="Scenario: Access to Review quiz and use next button" time="0"/>
  <testcase name="When Click on the next button" classname="Scenario: Access to Review quiz and use next button" time="0"/>
  <testcase name="When Click on the next button" classname="Scenario: Access to Review quiz and use next button" time="0"/>
  <testcase name="When Click on the next button" classname="Scenario: Access to Review quiz and use next button" time="0"/>
  <testcase name="Then Second question should be displayed" classname="Scenario: Access to Review quiz and use next button" time="0"/>
  <testcase name="Then Third question should be displayed" classname="Scenario: Access to Review quiz and use next button" time="0"/>
  <testcase name="Then Forth question should be displayed" classname="Scenario: Access to Review quiz and use next button" time="0"/>
  <testcase name="Then Fifth question should be displayed" classname="Scenario: Access to Review quiz and use next button" time="0"/>
  <testcase name="Then Sixth question should be displayed" classname="Scenario: Access to Review quiz and use next button" time="0"/>
  <testcase name="Then Seventh question should be displayed" classname="Scenario: Access to Review quiz and use next button" time="0.001"/>
  <testcase name="Then Eighth question should be displayed" classname="Scenario: Access to Review quiz and use next button" time="0"/>
  <testcase name="Then Nineth question should be displayed" classname="Scenario: Access to Review quiz and use next button" time="0"/>
  <testcase name="Then Tenth question should be displayed" classname="Scenario: Access to Review quiz and use next button" time="0"/>
  <testcase name="Then Eleventh question should be displayed" classname="Scenario: Access to Review quiz and use next button" time="0"/>
  <testcase name="Then Twelfth question should be displayed" classname="Scenario: Access to Review quiz and use next button" time="0.001"/>
  <testcase name="Then Thirteenth question should be displayed" classname="Scenario: Access to Review quiz and use next button" time="0"/>
  <testcase name="Then Fourteenth question should be displayed" classname="Scenario: Access to Review quiz and use next button" time="0"/>
  <testcase name="Then Fifteenth question should be displayed" classname="Scenario: Access to Review quiz and use next button" time="0"/>
  <testcase name="Then Sixteenth question should be displayed" classname="Scenario: Access to Review quiz and use next button" time="0"/>
  <testcase name="When Click on the summary button" classname="Scenario: Access to Review quiz and use next button" time="0.001"/>
  <testcase name="Then Result should be displayed" classname="Scenario: Access to Review quiz and use next button" time="0"/>
  <testcase name="When Click on the the cross" classname="Scenario: Access to Review quiz and use next button" time="0"/>
  <testcase name="Then the quiz page disappear" classname="Scenario: Access to Review quiz and use next button" time="0"/>
  <testcase name="Scenario: Access to Review quiz and use next button" classname="Scenario: Access to Review quiz and use next button" time="1.168"/>
</testsuite>